NOTE: PROCEDURE PRINTTO used (Total process time):
      real time           0.03 seconds
      cpu time            0.03 seconds
      

51         
52         proc sort   data=bigfive;
53         by class;
54         

NOTE: There were 30 observations read from the data set WORK.BIGFIVE.
NOTE: The data set WORK.BIGFIVE has 30 observations and 9 variables.
NOTE: PROCEDURE SORT used (Total process time):
      real time           0.01 seconds
      cpu time            0.01 seconds
      

55         proc print  data=bigfive;
56         run;

NOTE: There were 30 observations read from the data set WORK.BIGFIVE.
NOTE: The PROCEDURE PRINT printed pages 4-5.
NOTE: PROCEDURE PRINT used (Total process time):
3                                The SAS System
                                            Sunday, January 11, 2015 07:49:56 AM

      real time           0.45 seconds
      cpu time            0.46 seconds
      

57         
58         proc means data=bigfive;
59         var ext agl cop est opn;
60         run;

NOTE: There were 30 observations read from the data set WORK.BIGFIVE.
NOTE: The PROCEDURE MEANS printed page 6.
NOTE: PROCEDURE MEANS used (Total process time):
      real time           0.21 seconds
      cpu time            0.21 seconds
      

61         
62         proc printto;run;

